[0.080s] Invoking command in '/home/ubuntu/ar_ws/build/my_package': CMAKE_PREFIX_PATH=${CMAKE_PREFIX_PATH}:/opt/ros/foxy /usr/bin/cmake /home/ubuntu/ar_ws/my_package -DAMENT_CMAKE_SYMLINK_INSTALL=1 -DCMAKE_INSTALL_PREFIX=/home/ubuntu/ar_ws/install/my_package
[0.700s] -- The C compiler identification is GNU 9.4.0
[1.001s] -- The CXX compiler identification is GNU 9.4.0
[1.024s] -- Check for working C compiler: /usr/bin/cc
[1.394s] -- Check for working C compiler: /usr/bin/cc -- works
[1.398s] -- Detecting C compiler ABI info
[2.304s] -- Detecting C compiler ABI info - done
[2.350s] -- Detecting C compile features
[2.351s] -- Detecting C compile features - done
[2.363s] -- Check for working CXX compiler: /usr/bin/c++
[2.738s] -- Check for working CXX compiler: /usr/bin/c++ -- works
[2.738s] -- Detecting CXX compiler ABI info
[3.112s] -- Detecting CXX compiler ABI info - done
[3.157s] -- Detecting CXX compile features
[3.159s] -- Detecting CXX compile features - done
[3.187s] -- Found ament_cmake: 0.9.12 (/opt/ros/foxy/share/ament_cmake/cmake)
[3.330s] -- Found PythonInterp: /usr/bin/python3 (found suitable version "3.8.10", minimum required is "3") 
[3.331s] -- Using PYTHON_EXECUTABLE: /usr/bin/python3
[4.437s] -- Override CMake install command with custom implementation using symlinks instead of copying resources
[4.716s] -- Found ament_lint_auto: 0.9.8 (/opt/ros/foxy/share/ament_lint_auto/cmake)
[5.238s] -- Added test 'copyright' to check source files copyright and LICENSE
[5.255s] -- Added test 'flake8' to check Python code syntax and style conventions
[5.258s] -- Added test 'lint_cmake' to check CMake code style
[5.261s] -- Added test 'pep257' to check Python code against some of the style conventions in PEP 257
[5.268s] -- Added test 'xmllint' to check XML markup files
[5.287s] -- Configuring done
[5.298s] -- Generating done
[5.304s] -- Build files have been written to: /home/ubuntu/ar_ws/build/my_package
[5.320s] Invoked command in '/home/ubuntu/ar_ws/build/my_package' returned '0': CMAKE_PREFIX_PATH=${CMAKE_PREFIX_PATH}:/opt/ros/foxy /usr/bin/cmake /home/ubuntu/ar_ws/my_package -DAMENT_CMAKE_SYMLINK_INSTALL=1 -DCMAKE_INSTALL_PREFIX=/home/ubuntu/ar_ws/install/my_package
[5.334s] Invoking command in '/home/ubuntu/ar_ws/build/my_package': CMAKE_PREFIX_PATH=${CMAKE_PREFIX_PATH}:/opt/ros/foxy /usr/bin/cmake --build /home/ubuntu/ar_ws/build/my_package -- -j4 -l4
[5.527s] Invoked command in '/home/ubuntu/ar_ws/build/my_package' returned '0': CMAKE_PREFIX_PATH=${CMAKE_PREFIX_PATH}:/opt/ros/foxy /usr/bin/cmake --build /home/ubuntu/ar_ws/build/my_package -- -j4 -l4
[5.706s] Invoking command in '/home/ubuntu/ar_ws/build/my_package': CMAKE_PREFIX_PATH=${CMAKE_PREFIX_PATH}:/opt/ros/foxy /usr/bin/cmake --install /home/ubuntu/ar_ws/build/my_package
[5.744s] -- Install configuration: ""
[5.746s] -- Execute custom install script
[5.749s] -- Symlinking: /home/ubuntu/ar_ws/install/my_package/share/my_package/launch/listener.launch.py
[5.789s] -- Symlinking: /home/ubuntu/ar_ws/install/my_package/share/my_package/launch/talker.launch.py
[5.829s] -- Symlinking: /home/ubuntu/ar_ws/install/my_package/share/ament_index/resource_index/package_run_dependencies/my_package
[5.878s] -- Symlinking: /home/ubuntu/ar_ws/install/my_package/share/ament_index/resource_index/parent_prefix_path/my_package
[5.919s] -- Symlinking: /home/ubuntu/ar_ws/install/my_package/share/my_package/environment/ament_prefix_path.sh
[5.960s] -- Symlinking: /home/ubuntu/ar_ws/install/my_package/share/my_package/environment/ament_prefix_path.dsv
[6.001s] -- Symlinking: /home/ubuntu/ar_ws/install/my_package/share/my_package/environment/path.sh
[6.042s] -- Symlinking: /home/ubuntu/ar_ws/install/my_package/share/my_package/environment/path.dsv
[6.085s] -- Symlinking: /home/ubuntu/ar_ws/install/my_package/share/my_package/local_setup.bash
[6.126s] -- Symlinking: /home/ubuntu/ar_ws/install/my_package/share/my_package/local_setup.sh
[6.169s] -- Symlinking: /home/ubuntu/ar_ws/install/my_package/share/my_package/local_setup.zsh
[6.211s] -- Symlinking: /home/ubuntu/ar_ws/install/my_package/share/my_package/local_setup.dsv
[6.253s] -- Symlinking: /home/ubuntu/ar_ws/install/my_package/share/my_package/package.dsv
[6.296s] -- Symlinking: /home/ubuntu/ar_ws/install/my_package/share/ament_index/resource_index/packages/my_package
[6.335s] -- Symlinking: /home/ubuntu/ar_ws/install/my_package/share/my_package/cmake/my_packageConfig.cmake
[6.376s] -- Symlinking: /home/ubuntu/ar_ws/install/my_package/share/my_package/cmake/my_packageConfig-version.cmake
[6.415s] -- Symlinking: /home/ubuntu/ar_ws/install/my_package/share/my_package/package.xml
[6.463s] Invoked command in '/home/ubuntu/ar_ws/build/my_package' returned '0': CMAKE_PREFIX_PATH=${CMAKE_PREFIX_PATH}:/opt/ros/foxy /usr/bin/cmake --install /home/ubuntu/ar_ws/build/my_package
