[2.056s] DEBUG:colcon:Command line arguments: ['/usr/bin/colcon', 'build', '--symlink-install']
[2.057s] DEBUG:colcon:Parsed command line arguments: Namespace(allow_overriding=[], ament_cmake_args=None, base_paths=['.'], build_base='build', catkin_cmake_args=None, catkin_skip_building_tests=False, cmake_args=None, cmake_clean_cache=False, cmake_clean_first=False, cmake_force_configure=False, cmake_target=None, cmake_target_skip_unavailable=False, continue_on_error=False, event_handlers=None, executor='parallel', ignore_user_meta=False, install_base='install', log_base=None, log_level=None, main=<bound method BuildVerb.main of <colcon_core.verb.build.BuildVerb object at 0xffff933eb100>>, merge_install=False, metas=['./colcon.meta'], packages_above=None, packages_above_and_dependencies=None, packages_above_depth=None, packages_end=None, packages_ignore=None, packages_ignore_regex=None, packages_select=None, packages_select_build_failed=False, packages_select_by_dep=None, packages_select_regex=None, packages_select_test_failures=False, packages_skip=None, packages_skip_build_finished=False, packages_skip_by_dep=None, packages_skip_regex=None, packages_skip_test_passed=False, packages_skip_up_to=None, packages_start=None, packages_up_to=None, packages_up_to_regex=None, parallel_workers=4, paths=None, symlink_install=True, test_result_base=None, verb_extension=<colcon_core.verb.build.BuildVerb object at 0xffff933eb100>, verb_name='build', verb_parser=<colcon_defaults.argument_parser.defaults.DefaultArgumentsDecorator object at 0xffff933eb640>)
[2.212s] Level 1:colcon.colcon_core.package_discovery:discover_packages(colcon_meta) check parameters
[2.213s] Level 1:colcon.colcon_core.package_discovery:discover_packages(recursive) check parameters
[2.213s] Level 1:colcon.colcon_core.package_discovery:discover_packages(ignore) check parameters
[2.214s] Level 1:colcon.colcon_core.package_discovery:discover_packages(path) check parameters
[2.214s] Level 1:colcon.colcon_core.package_discovery:discover_packages(colcon_meta) discover
[2.214s] Level 1:colcon.colcon_core.package_discovery:discover_packages(recursive) discover
[2.215s] INFO:colcon.colcon_core.package_discovery:Crawling recursively for packages in '/home/ubuntu/ar_ws'
[2.215s] Level 1:colcon.colcon_core.package_identification:_identify(.) by extensions ['ignore', 'ignore_ament_install']
[2.216s] Level 1:colcon.colcon_core.package_identification:_identify(.) by extension 'ignore'
[2.217s] Level 1:colcon.colcon_core.package_identification:_identify(.) by extension 'ignore_ament_install'
[2.218s] Level 1:colcon.colcon_core.package_identification:_identify(.) by extensions ['colcon_pkg']
[2.218s] Level 1:colcon.colcon_core.package_identification:_identify(.) by extension 'colcon_pkg'
[2.218s] Level 1:colcon.colcon_core.package_identification:_identify(.) by extensions ['colcon_meta']
[2.219s] Level 1:colcon.colcon_core.package_identification:_identify(.) by extension 'colcon_meta'
[2.219s] Level 1:colcon.colcon_core.package_identification:_identify(.) by extensions ['ros']
[2.219s] Level 1:colcon.colcon_core.package_identification:_identify(.) by extension 'ros'
[2.315s] Level 1:colcon.colcon_core.package_identification:_identify(.) by extensions ['cmake', 'python']
[2.315s] Level 1:colcon.colcon_core.package_identification:_identify(.) by extension 'cmake'
[2.315s] Level 1:colcon.colcon_core.package_identification:_identify(.) by extension 'python'
[2.316s] Level 1:colcon.colcon_core.package_identification:_identify(.) by extensions ['python_setup_py']
[2.316s] Level 1:colcon.colcon_core.package_identification:_identify(.) by extension 'python_setup_py'
[2.317s] Level 1:colcon.colcon_core.package_identification:_identify(build) by extensions ['ignore', 'ignore_ament_install']
[2.318s] Level 1:colcon.colcon_core.package_identification:_identify(build) by extension 'ignore'
[2.318s] Level 1:colcon.colcon_core.package_identification:_identify(build) ignored
[2.319s] Level 1:colcon.colcon_core.package_identification:_identify(install) by extensions ['ignore', 'ignore_ament_install']
[2.320s] Level 1:colcon.colcon_core.package_identification:_identify(install) by extension 'ignore'
[2.320s] Level 1:colcon.colcon_core.package_identification:_identify(install) ignored
[2.321s] Level 1:colcon.colcon_core.package_identification:_identify(log) by extensions ['ignore', 'ignore_ament_install']
[2.322s] Level 1:colcon.colcon_core.package_identification:_identify(log) by extension 'ignore'
[2.322s] Level 1:colcon.colcon_core.package_identification:_identify(log) ignored
[2.323s] Level 1:colcon.colcon_core.package_identification:_identify(my_package) by extensions ['ignore', 'ignore_ament_install']
[2.324s] Level 1:colcon.colcon_core.package_identification:_identify(my_package) by extension 'ignore'
[2.324s] Level 1:colcon.colcon_core.package_identification:_identify(my_package) by extension 'ignore_ament_install'
[2.325s] Level 1:colcon.colcon_core.package_identification:_identify(my_package) by extensions ['colcon_pkg']
[2.325s] Level 1:colcon.colcon_core.package_identification:_identify(my_package) by extension 'colcon_pkg'
[2.325s] Level 1:colcon.colcon_core.package_identification:_identify(my_package) by extensions ['colcon_meta']
[2.326s] Level 1:colcon.colcon_core.package_identification:_identify(my_package) by extension 'colcon_meta'
[2.326s] Level 1:colcon.colcon_core.package_identification:_identify(my_package) by extensions ['ros']
[2.326s] Level 1:colcon.colcon_core.package_identification:_identify(my_package) by extension 'ros'
[2.338s] DEBUG:colcon.colcon_core.package_identification:Package 'my_package' with type 'ros.ament_cmake' and name 'my_package'
[2.338s] Level 1:colcon.colcon_core.package_discovery:discover_packages(recursive) using defaults
[2.339s] Level 1:colcon.colcon_core.package_discovery:discover_packages(ignore) discover
[2.339s] Level 1:colcon.colcon_core.package_discovery:discover_packages(ignore) using defaults
[2.340s] Level 1:colcon.colcon_core.package_discovery:discover_packages(path) discover
[2.340s] Level 1:colcon.colcon_core.package_discovery:discover_packages(path) using defaults
[2.432s] Level 1:colcon.colcon_core.package_discovery:discover_packages(prefix_path) check parameters
[2.521s] Level 1:colcon.colcon_core.package_discovery:discover_packages(prefix_path) discover
[2.545s] DEBUG:colcon.colcon_installed_package_information.package_discovery:Found 4 installed packages in /home/ubuntu/robotix_ws/install
[2.557s] DEBUG:colcon.colcon_installed_package_information.package_discovery:Found 267 installed packages in /opt/ros/foxy
[2.567s] Level 1:colcon.colcon_core.package_discovery:discover_packages(prefix_path) using defaults
[3.099s] Level 5:colcon.colcon_core.verb:set package 'my_package' build argument 'cmake_args' from command line to 'None'
[3.100s] Level 5:colcon.colcon_core.verb:set package 'my_package' build argument 'cmake_target' from command line to 'None'
[3.100s] Level 5:colcon.colcon_core.verb:set package 'my_package' build argument 'cmake_target_skip_unavailable' from command line to 'False'
[3.100s] Level 5:colcon.colcon_core.verb:set package 'my_package' build argument 'cmake_clean_cache' from command line to 'False'
[3.101s] Level 5:colcon.colcon_core.verb:set package 'my_package' build argument 'cmake_clean_first' from command line to 'False'
[3.101s] Level 5:colcon.colcon_core.verb:set package 'my_package' build argument 'cmake_force_configure' from command line to 'False'
[3.101s] Level 5:colcon.colcon_core.verb:set package 'my_package' build argument 'ament_cmake_args' from command line to 'None'
[3.101s] Level 5:colcon.colcon_core.verb:set package 'my_package' build argument 'catkin_cmake_args' from command line to 'None'
[3.101s] Level 5:colcon.colcon_core.verb:set package 'my_package' build argument 'catkin_skip_building_tests' from command line to 'False'
[3.101s] DEBUG:colcon.colcon_core.verb:Building package 'my_package' with the following arguments: {'ament_cmake_args': None, 'build_base': '/home/ubuntu/ar_ws/build/my_package', 'catkin_cmake_args': None, 'catkin_skip_building_tests': False, 'cmake_args': None, 'cmake_clean_cache': False, 'cmake_clean_first': False, 'cmake_force_configure': False, 'cmake_target': None, 'cmake_target_skip_unavailable': False, 'install_base': '/home/ubuntu/ar_ws/install/my_package', 'merge_install': False, 'path': '/home/ubuntu/ar_ws/my_package', 'symlink_install': True, 'test_result_base': None}
[3.105s] INFO:colcon.colcon_core.executor:Executing jobs using 'parallel' executor
[3.125s] DEBUG:colcon.colcon_parallel_executor.executor.parallel:run_until_complete
[3.126s] INFO:colcon.colcon_ros.task.ament_cmake.build:Building ROS package in '/home/ubuntu/ar_ws/my_package' with build type 'ament_cmake'
[3.127s] INFO:colcon.colcon_cmake.task.cmake.build:Building CMake package in '/home/ubuntu/ar_ws/my_package'
[3.155s] INFO:colcon.colcon_core.plugin_system:Skipping extension 'colcon_core.shell.bat': Not used on non-Windows systems
[3.157s] INFO:colcon.colcon_core.shell:Skip shell extension 'powershell' for command environment: Not usable outside of PowerShell
[3.158s] DEBUG:colcon.colcon_core.shell:Skip shell extension 'dsv' for command environment
[3.214s] DEBUG:colcon.colcon_core.event_handler.log_command:Invoking command in '/home/ubuntu/ar_ws/build/my_package': CMAKE_PREFIX_PATH=${CMAKE_PREFIX_PATH}:/opt/ros/foxy /usr/bin/cmake /home/ubuntu/ar_ws/my_package -DAMENT_CMAKE_SYMLINK_INSTALL=1 -DCMAKE_INSTALL_PREFIX=/home/ubuntu/ar_ws/install/my_package
[8.454s] DEBUG:colcon.colcon_core.event_handler.log_command:Invoked command in '/home/ubuntu/ar_ws/build/my_package' returned '0': CMAKE_PREFIX_PATH=${CMAKE_PREFIX_PATH}:/opt/ros/foxy /usr/bin/cmake /home/ubuntu/ar_ws/my_package -DAMENT_CMAKE_SYMLINK_INSTALL=1 -DCMAKE_INSTALL_PREFIX=/home/ubuntu/ar_ws/install/my_package
[8.468s] DEBUG:colcon.colcon_core.event_handler.log_command:Invoking command in '/home/ubuntu/ar_ws/build/my_package': CMAKE_PREFIX_PATH=${CMAKE_PREFIX_PATH}:/opt/ros/foxy /usr/bin/cmake --build /home/ubuntu/ar_ws/build/my_package -- -j4 -l4
[8.660s] DEBUG:colcon.colcon_core.event_handler.log_command:Invoked command in '/home/ubuntu/ar_ws/build/my_package' returned '0': CMAKE_PREFIX_PATH=${CMAKE_PREFIX_PATH}:/opt/ros/foxy /usr/bin/cmake --build /home/ubuntu/ar_ws/build/my_package -- -j4 -l4
[8.840s] DEBUG:colcon.colcon_core.event_handler.log_command:Invoking command in '/home/ubuntu/ar_ws/build/my_package': CMAKE_PREFIX_PATH=${CMAKE_PREFIX_PATH}:/opt/ros/foxy /usr/bin/cmake --install /home/ubuntu/ar_ws/build/my_package
[9.592s] Level 1:colcon.colcon_core.environment:create_environment_scripts_only(my_package)
[9.597s] DEBUG:colcon.colcon_core.event_handler.log_command:Invoked command in '/home/ubuntu/ar_ws/build/my_package' returned '0': CMAKE_PREFIX_PATH=${CMAKE_PREFIX_PATH}:/opt/ros/foxy /usr/bin/cmake --install /home/ubuntu/ar_ws/build/my_package
[9.623s] Level 1:colcon.colcon_core.environment:checking '/home/ubuntu/ar_ws/install/my_package' for CMake module files
[9.625s] Level 1:colcon.colcon_core.environment:checking '/home/ubuntu/ar_ws/install/my_package' for CMake config files
[9.627s] Level 1:colcon.colcon_core.shell:create_environment_hook('my_package', 'cmake_prefix_path')
[9.633s] INFO:colcon.colcon_core.shell:Creating environment hook '/home/ubuntu/ar_ws/install/my_package/share/my_package/hook/cmake_prefix_path.ps1'
[9.636s] INFO:colcon.colcon_core.shell:Creating environment descriptor '/home/ubuntu/ar_ws/install/my_package/share/my_package/hook/cmake_prefix_path.dsv'
[9.638s] INFO:colcon.colcon_core.shell:Creating environment hook '/home/ubuntu/ar_ws/install/my_package/share/my_package/hook/cmake_prefix_path.sh'
[9.642s] Level 1:colcon.colcon_core.environment:checking '/home/ubuntu/ar_ws/install/my_package/bin'
[9.642s] Level 1:colcon.colcon_core.environment:checking '/home/ubuntu/ar_ws/install/my_package/lib/pkgconfig/my_package.pc'
[9.643s] Level 1:colcon.colcon_core.environment:checking '/home/ubuntu/ar_ws/install/my_package/lib/python3.8/site-packages'
[9.644s] Level 1:colcon.colcon_core.environment:checking '/home/ubuntu/ar_ws/install/my_package/bin'
[9.650s] INFO:colcon.colcon_core.shell:Creating package script '/home/ubuntu/ar_ws/install/my_package/share/my_package/package.ps1'
[9.654s] INFO:colcon.colcon_core.shell:Creating package descriptor '/home/ubuntu/ar_ws/install/my_package/share/my_package/package.dsv'
[9.656s] INFO:colcon.colcon_core.shell:Creating package script '/home/ubuntu/ar_ws/install/my_package/share/my_package/package.sh'
[9.660s] INFO:colcon.colcon_core.shell:Creating package script '/home/ubuntu/ar_ws/install/my_package/share/my_package/package.bash'
[9.663s] INFO:colcon.colcon_core.shell:Creating package script '/home/ubuntu/ar_ws/install/my_package/share/my_package/package.zsh'
[9.666s] Level 1:colcon.colcon_core.environment:create_file_with_runtime_dependencies(/home/ubuntu/ar_ws/install/my_package/share/colcon-core/packages/my_package)
[9.795s] Level 1:colcon.colcon_core.environment:create_environment_scripts_only(my_package)
[9.807s] Level 1:colcon.colcon_core.environment:checking '/home/ubuntu/ar_ws/install/my_package' for CMake module files
[9.812s] Level 1:colcon.colcon_core.environment:checking '/home/ubuntu/ar_ws/install/my_package' for CMake config files
[9.813s] Level 1:colcon.colcon_core.shell:create_environment_hook('my_package', 'cmake_prefix_path')
[9.820s] INFO:colcon.colcon_core.shell:Creating environment hook '/home/ubuntu/ar_ws/install/my_package/share/my_package/hook/cmake_prefix_path.ps1'
[9.823s] INFO:colcon.colcon_core.shell:Creating environment descriptor '/home/ubuntu/ar_ws/install/my_package/share/my_package/hook/cmake_prefix_path.dsv'
[9.824s] INFO:colcon.colcon_core.shell:Creating environment hook '/home/ubuntu/ar_ws/install/my_package/share/my_package/hook/cmake_prefix_path.sh'
[9.828s] Level 1:colcon.colcon_core.environment:checking '/home/ubuntu/ar_ws/install/my_package/bin'
[9.828s] Level 1:colcon.colcon_core.environment:checking '/home/ubuntu/ar_ws/install/my_package/lib/pkgconfig/my_package.pc'
[9.830s] Level 1:colcon.colcon_core.environment:checking '/home/ubuntu/ar_ws/install/my_package/lib/python3.8/site-packages'
[9.831s] Level 1:colcon.colcon_core.environment:checking '/home/ubuntu/ar_ws/install/my_package/bin'
[9.840s] INFO:colcon.colcon_core.shell:Creating package script '/home/ubuntu/ar_ws/install/my_package/share/my_package/package.ps1'
[9.843s] INFO:colcon.colcon_core.shell:Creating package descriptor '/home/ubuntu/ar_ws/install/my_package/share/my_package/package.dsv'
[9.846s] INFO:colcon.colcon_core.shell:Creating package script '/home/ubuntu/ar_ws/install/my_package/share/my_package/package.sh'
[9.849s] INFO:colcon.colcon_core.shell:Creating package script '/home/ubuntu/ar_ws/install/my_package/share/my_package/package.bash'
[9.851s] INFO:colcon.colcon_core.shell:Creating package script '/home/ubuntu/ar_ws/install/my_package/share/my_package/package.zsh'
[9.854s] Level 1:colcon.colcon_core.environment:create_file_with_runtime_dependencies(/home/ubuntu/ar_ws/install/my_package/share/colcon-core/packages/my_package)
[9.856s] DEBUG:colcon.colcon_parallel_executor.executor.parallel:closing loop
[9.858s] DEBUG:colcon.colcon_parallel_executor.executor.parallel:loop closed
[9.858s] DEBUG:colcon.colcon_parallel_executor.executor.parallel:run_until_complete finished with '0'
[9.859s] DEBUG:colcon.colcon_core.event_reactor:joining thread
[9.882s] INFO:colcon.colcon_core.plugin_system:Skipping extension 'colcon_notification.desktop_notification.notify_send': Could not find 'notify-send'
[9.883s] INFO:colcon.colcon_core.plugin_system:Skipping extension 'colcon_notification.desktop_notification.terminal_notifier': Not used on non-Darwin systems
[9.883s] INFO:colcon.colcon_core.plugin_system:Skipping extension 'colcon_notification.desktop_notification.win32': Not used on non-Windows systems
[9.883s] INFO:colcon.colcon_notification.desktop_notification:Sending desktop notification using 'notify2'
[9.887s] DEBUG:colcon.colcon_notification.desktop_notification.notify2:Failed to initialize notify2: org.freedesktop.DBus.Error.ServiceUnknown: The name org.freedesktop.Notifications was not provided by any .service files
[9.888s] DEBUG:colcon.colcon_core.event_reactor:joined thread
[9.894s] INFO:colcon.colcon_core.shell:Creating prefix script '/home/ubuntu/ar_ws/install/local_setup.ps1'
[9.899s] INFO:colcon.colcon_core.shell:Creating prefix util module '/home/ubuntu/ar_ws/install/_local_setup_util_ps1.py'
[9.906s] INFO:colcon.colcon_core.shell:Creating prefix chain script '/home/ubuntu/ar_ws/install/setup.ps1'
[9.913s] INFO:colcon.colcon_core.shell:Creating prefix script '/home/ubuntu/ar_ws/install/local_setup.sh'
[9.916s] INFO:colcon.colcon_core.shell:Creating prefix util module '/home/ubuntu/ar_ws/install/_local_setup_util_sh.py'
[9.918s] INFO:colcon.colcon_core.shell:Creating prefix chain script '/home/ubuntu/ar_ws/install/setup.sh'
[9.925s] INFO:colcon.colcon_core.shell:Creating prefix script '/home/ubuntu/ar_ws/install/local_setup.bash'
[9.928s] INFO:colcon.colcon_core.shell:Creating prefix chain script '/home/ubuntu/ar_ws/install/setup.bash'
[9.935s] INFO:colcon.colcon_core.shell:Creating prefix script '/home/ubuntu/ar_ws/install/local_setup.zsh'
[9.937s] INFO:colcon.colcon_core.shell:Creating prefix chain script '/home/ubuntu/ar_ws/install/setup.zsh'
